mode: set
github.com/artrsyf/avito-trainee-assignment/internal/user/usecase/usecase.go:30.16,37.2 1 1
github.com/artrsyf/avito-trainee-assignment/internal/user/usecase/usecase.go:42.33,44.16 2 1
github.com/artrsyf/avito-trainee-assignment/internal/user/usecase/usecase.go:44.16,47.3 2 1
github.com/artrsyf/avito-trainee-assignment/internal/user/usecase/usecase.go:49.2,50.16 2 1
github.com/artrsyf/avito-trainee-assignment/internal/user/usecase/usecase.go:50.16,53.3 2 1
github.com/artrsyf/avito-trainee-assignment/internal/user/usecase/usecase.go:55.2,56.16 2 1
github.com/artrsyf/avito-trainee-assignment/internal/user/usecase/usecase.go:56.16,59.3 2 1
github.com/artrsyf/avito-trainee-assignment/internal/user/usecase/usecase.go:61.2,62.16 2 1
github.com/artrsyf/avito-trainee-assignment/internal/user/usecase/usecase.go:62.16,65.3 2 1
github.com/artrsyf/avito-trainee-assignment/internal/user/usecase/usecase.go:67.2,78.29 3 1
github.com/artrsyf/avito-trainee-assignment/internal/user/repository/postgres/user_postgres.go:22.27,27.2 1 1
github.com/artrsyf/avito-trainee-assignment/internal/user/repository/postgres/user_postgres.go:32.24,39.16 2 1
github.com/artrsyf/avito-trainee-assignment/internal/user/repository/postgres/user_postgres.go:39.16,42.3 2 1
github.com/artrsyf/avito-trainee-assignment/internal/user/repository/postgres/user_postgres.go:44.2,44.26 1 1
github.com/artrsyf/avito-trainee-assignment/internal/user/repository/postgres/user_postgres.go:44.26,47.3 2 1
github.com/artrsyf/avito-trainee-assignment/internal/user/repository/postgres/user_postgres.go:49.2,62.16 3 1
github.com/artrsyf/avito-trainee-assignment/internal/user/repository/postgres/user_postgres.go:62.16,65.3 2 0
github.com/artrsyf/avito-trainee-assignment/internal/user/repository/postgres/user_postgres.go:67.2,71.26 2 1
github.com/artrsyf/avito-trainee-assignment/internal/user/repository/postgres/user_postgres.go:78.9,84.16 2 1
github.com/artrsyf/avito-trainee-assignment/internal/user/repository/postgres/user_postgres.go:84.16,87.3 2 1
github.com/artrsyf/avito-trainee-assignment/internal/user/repository/postgres/user_postgres.go:89.2,93.12 2 1
github.com/artrsyf/avito-trainee-assignment/internal/user/repository/postgres/user_postgres.go:99.24,108.26 3 1
github.com/artrsyf/avito-trainee-assignment/internal/user/repository/postgres/user_postgres.go:108.26,111.3 2 1
github.com/artrsyf/avito-trainee-assignment/internal/user/repository/postgres/user_postgres.go:111.8,111.23 1 1
github.com/artrsyf/avito-trainee-assignment/internal/user/repository/postgres/user_postgres.go:111.23,114.3 2 1
github.com/artrsyf/avito-trainee-assignment/internal/user/repository/postgres/user_postgres.go:116.2,116.19 1 1
github.com/artrsyf/avito-trainee-assignment/internal/user/repository/postgres/user_postgres.go:122.24,131.26 3 1
github.com/artrsyf/avito-trainee-assignment/internal/user/repository/postgres/user_postgres.go:131.26,134.3 2 1
github.com/artrsyf/avito-trainee-assignment/internal/user/repository/postgres/user_postgres.go:134.8,134.23 1 1
github.com/artrsyf/avito-trainee-assignment/internal/user/repository/postgres/user_postgres.go:134.23,137.3 2 1
github.com/artrsyf/avito-trainee-assignment/internal/user/repository/postgres/user_postgres.go:139.2,139.19 1 1
github.com/artrsyf/avito-trainee-assignment/internal/transaction/usecase/usecase.go:31.23,38.2 1 1
github.com/artrsyf/avito-trainee-assignment/internal/transaction/usecase/usecase.go:43.9,48.16 2 1
github.com/artrsyf/avito-trainee-assignment/internal/transaction/usecase/usecase.go:48.16,51.3 2 1
github.com/artrsyf/avito-trainee-assignment/internal/transaction/usecase/usecase.go:53.2,57.16 2 1
github.com/artrsyf/avito-trainee-assignment/internal/transaction/usecase/usecase.go:57.16,60.3 2 1
github.com/artrsyf/avito-trainee-assignment/internal/transaction/usecase/usecase.go:62.2,62.54 1 1
github.com/artrsyf/avito-trainee-assignment/internal/transaction/usecase/usecase.go:62.54,65.3 2 1
github.com/artrsyf/avito-trainee-assignment/internal/transaction/usecase/usecase.go:67.2,73.16 5 1
github.com/artrsyf/avito-trainee-assignment/internal/transaction/usecase/usecase.go:73.16,76.3 2 0
github.com/artrsyf/avito-trainee-assignment/internal/transaction/usecase/usecase.go:78.2,79.16 2 1
github.com/artrsyf/avito-trainee-assignment/internal/transaction/usecase/usecase.go:79.16,81.19 2 1
github.com/artrsyf/avito-trainee-assignment/internal/transaction/usecase/usecase.go:81.19,83.4 1 0
github.com/artrsyf/avito-trainee-assignment/internal/transaction/usecase/usecase.go:84.3,85.13 2 1
github.com/artrsyf/avito-trainee-assignment/internal/transaction/usecase/usecase.go:88.2,89.16 2 1
github.com/artrsyf/avito-trainee-assignment/internal/transaction/usecase/usecase.go:89.16,91.19 2 0
github.com/artrsyf/avito-trainee-assignment/internal/transaction/usecase/usecase.go:91.19,93.4 1 0
github.com/artrsyf/avito-trainee-assignment/internal/transaction/usecase/usecase.go:94.3,95.13 2 0
github.com/artrsyf/avito-trainee-assignment/internal/transaction/usecase/usecase.go:98.2,104.16 3 1
github.com/artrsyf/avito-trainee-assignment/internal/transaction/usecase/usecase.go:104.16,106.19 2 1
github.com/artrsyf/avito-trainee-assignment/internal/transaction/usecase/usecase.go:106.19,108.4 1 0
github.com/artrsyf/avito-trainee-assignment/internal/transaction/usecase/usecase.go:109.3,110.13 2 1
github.com/artrsyf/avito-trainee-assignment/internal/transaction/usecase/usecase.go:113.2,114.16 2 1
github.com/artrsyf/avito-trainee-assignment/internal/transaction/usecase/usecase.go:114.16,117.3 2 1
github.com/artrsyf/avito-trainee-assignment/internal/transaction/usecase/usecase.go:119.2,125.12 2 1
github.com/artrsyf/avito-trainee-assignment/internal/purchase/usecase/usecase.go:31.20,38.2 1 1
github.com/artrsyf/avito-trainee-assignment/internal/purchase/usecase/usecase.go:43.9,47.16 3 1
github.com/artrsyf/avito-trainee-assignment/internal/purchase/usecase/usecase.go:47.16,50.3 2 1
github.com/artrsyf/avito-trainee-assignment/internal/purchase/usecase/usecase.go:52.2,53.16 2 1
github.com/artrsyf/avito-trainee-assignment/internal/purchase/usecase/usecase.go:53.16,56.3 2 1
github.com/artrsyf/avito-trainee-assignment/internal/purchase/usecase/usecase.go:58.2,58.45 1 1
github.com/artrsyf/avito-trainee-assignment/internal/purchase/usecase/usecase.go:58.45,61.3 2 1
github.com/artrsyf/avito-trainee-assignment/internal/purchase/usecase/usecase.go:63.2,68.16 4 1
github.com/artrsyf/avito-trainee-assignment/internal/purchase/usecase/usecase.go:68.16,71.3 2 1
github.com/artrsyf/avito-trainee-assignment/internal/purchase/usecase/usecase.go:73.2,74.16 2 1
github.com/artrsyf/avito-trainee-assignment/internal/purchase/usecase/usecase.go:74.16,76.19 2 1
github.com/artrsyf/avito-trainee-assignment/internal/purchase/usecase/usecase.go:76.19,78.4 1 0
github.com/artrsyf/avito-trainee-assignment/internal/purchase/usecase/usecase.go:79.3,80.13 2 1
github.com/artrsyf/avito-trainee-assignment/internal/purchase/usecase/usecase.go:83.2,84.16 2 1
github.com/artrsyf/avito-trainee-assignment/internal/purchase/usecase/usecase.go:84.16,86.19 2 1
github.com/artrsyf/avito-trainee-assignment/internal/purchase/usecase/usecase.go:86.19,88.4 1 0
github.com/artrsyf/avito-trainee-assignment/internal/purchase/usecase/usecase.go:89.3,90.13 2 1
github.com/artrsyf/avito-trainee-assignment/internal/purchase/usecase/usecase.go:93.2,94.16 2 1
github.com/artrsyf/avito-trainee-assignment/internal/purchase/usecase/usecase.go:94.16,97.3 2 1
github.com/artrsyf/avito-trainee-assignment/internal/purchase/usecase/usecase.go:99.2,104.12 2 1
github.com/artrsyf/avito-trainee-assignment/internal/transaction/repository/postgres/transaction_postgres.go:22.34,27.2 1 1
github.com/artrsyf/avito-trainee-assignment/internal/transaction/repository/postgres/transaction_postgres.go:33.31,47.16 3 1
github.com/artrsyf/avito-trainee-assignment/internal/transaction/repository/postgres/transaction_postgres.go:47.16,50.3 2 1
github.com/artrsyf/avito-trainee-assignment/internal/transaction/repository/postgres/transaction_postgres.go:52.2,56.33 2 1
github.com/artrsyf/avito-trainee-assignment/internal/transaction/repository/postgres/transaction_postgres.go:62.35,72.16 2 1
github.com/artrsyf/avito-trainee-assignment/internal/transaction/repository/postgres/transaction_postgres.go:72.16,75.3 2 1
github.com/artrsyf/avito-trainee-assignment/internal/transaction/repository/postgres/transaction_postgres.go:76.2,76.15 1 1
github.com/artrsyf/avito-trainee-assignment/internal/transaction/repository/postgres/transaction_postgres.go:76.15,77.38 1 1
github.com/artrsyf/avito-trainee-assignment/internal/transaction/repository/postgres/transaction_postgres.go:77.38,79.4 1 0
github.com/artrsyf/avito-trainee-assignment/internal/transaction/repository/postgres/transaction_postgres.go:82.2,83.18 2 1
github.com/artrsyf/avito-trainee-assignment/internal/transaction/repository/postgres/transaction_postgres.go:83.18,89.17 3 1
github.com/artrsyf/avito-trainee-assignment/internal/transaction/repository/postgres/transaction_postgres.go:89.17,92.4 2 1
github.com/artrsyf/avito-trainee-assignment/internal/transaction/repository/postgres/transaction_postgres.go:94.3,94.77 1 1
github.com/artrsyf/avito-trainee-assignment/internal/transaction/repository/postgres/transaction_postgres.go:97.2,97.29 1 1
github.com/artrsyf/avito-trainee-assignment/internal/transaction/repository/postgres/transaction_postgres.go:103.31,113.16 2 1
github.com/artrsyf/avito-trainee-assignment/internal/transaction/repository/postgres/transaction_postgres.go:113.16,116.3 2 1
github.com/artrsyf/avito-trainee-assignment/internal/transaction/repository/postgres/transaction_postgres.go:117.2,117.15 1 1
github.com/artrsyf/avito-trainee-assignment/internal/transaction/repository/postgres/transaction_postgres.go:117.15,118.38 1 1
github.com/artrsyf/avito-trainee-assignment/internal/transaction/repository/postgres/transaction_postgres.go:118.38,120.4 1 0
github.com/artrsyf/avito-trainee-assignment/internal/transaction/repository/postgres/transaction_postgres.go:123.2,124.18 2 1
github.com/artrsyf/avito-trainee-assignment/internal/transaction/repository/postgres/transaction_postgres.go:124.18,130.17 3 1
github.com/artrsyf/avito-trainee-assignment/internal/transaction/repository/postgres/transaction_postgres.go:130.17,133.4 2 1
github.com/artrsyf/avito-trainee-assignment/internal/transaction/repository/postgres/transaction_postgres.go:135.3,135.65 1 1
github.com/artrsyf/avito-trainee-assignment/internal/transaction/repository/postgres/transaction_postgres.go:138.2,138.25 1 1
github.com/artrsyf/avito-trainee-assignment/internal/purchase/repository/postgres/purchase_postgres.go:19.99,24.2 1 1
github.com/artrsyf/avito-trainee-assignment/internal/purchase/repository/postgres/purchase_postgres.go:30.28,39.26 4 1
github.com/artrsyf/avito-trainee-assignment/internal/purchase/repository/postgres/purchase_postgres.go:39.26,42.3 2 1
github.com/artrsyf/avito-trainee-assignment/internal/purchase/repository/postgres/purchase_postgres.go:43.2,43.16 1 1
github.com/artrsyf/avito-trainee-assignment/internal/purchase/repository/postgres/purchase_postgres.go:43.16,46.3 2 0
github.com/artrsyf/avito-trainee-assignment/internal/purchase/repository/postgres/purchase_postgres.go:48.2,60.16 2 1
github.com/artrsyf/avito-trainee-assignment/internal/purchase/repository/postgres/purchase_postgres.go:60.16,63.3 2 1
github.com/artrsyf/avito-trainee-assignment/internal/purchase/repository/postgres/purchase_postgres.go:65.2,65.30 1 1
github.com/artrsyf/avito-trainee-assignment/internal/purchase/repository/postgres/purchase_postgres.go:71.32,79.26 3 1
github.com/artrsyf/avito-trainee-assignment/internal/purchase/repository/postgres/purchase_postgres.go:79.26,82.3 2 1
github.com/artrsyf/avito-trainee-assignment/internal/purchase/repository/postgres/purchase_postgres.go:83.2,83.16 1 1
github.com/artrsyf/avito-trainee-assignment/internal/purchase/repository/postgres/purchase_postgres.go:83.16,86.3 2 1
github.com/artrsyf/avito-trainee-assignment/internal/purchase/repository/postgres/purchase_postgres.go:88.2,88.27 1 1
github.com/artrsyf/avito-trainee-assignment/internal/purchase/repository/postgres/purchase_postgres.go:94.29,101.16 2 1
github.com/artrsyf/avito-trainee-assignment/internal/purchase/repository/postgres/purchase_postgres.go:101.16,104.3 2 1
github.com/artrsyf/avito-trainee-assignment/internal/purchase/repository/postgres/purchase_postgres.go:105.2,105.15 1 1
github.com/artrsyf/avito-trainee-assignment/internal/purchase/repository/postgres/purchase_postgres.go:105.15,106.38 1 1
github.com/artrsyf/avito-trainee-assignment/internal/purchase/repository/postgres/purchase_postgres.go:106.38,108.4 1 0
github.com/artrsyf/avito-trainee-assignment/internal/purchase/repository/postgres/purchase_postgres.go:111.2,112.18 2 1
github.com/artrsyf/avito-trainee-assignment/internal/purchase/repository/postgres/purchase_postgres.go:112.18,115.17 3 1
github.com/artrsyf/avito-trainee-assignment/internal/purchase/repository/postgres/purchase_postgres.go:115.17,118.4 2 1
github.com/artrsyf/avito-trainee-assignment/internal/purchase/repository/postgres/purchase_postgres.go:120.3,120.54 1 1
github.com/artrsyf/avito-trainee-assignment/internal/purchase/repository/postgres/purchase_postgres.go:123.2,123.23 1 1
github.com/artrsyf/avito-trainee-assignment/internal/session/repository/redis/session_redis.go:26.27,31.2 1 1
github.com/artrsyf/avito-trainee-assignment/internal/session/repository/redis/session_redis.go:36.27,41.16 4 1
github.com/artrsyf/avito-trainee-assignment/internal/session/repository/redis/session_redis.go:41.16,44.3 2 0
github.com/artrsyf/avito-trainee-assignment/internal/session/repository/redis/session_redis.go:46.2,55.16 3 1
github.com/artrsyf/avito-trainee-assignment/internal/session/repository/redis/session_redis.go:55.16,58.3 2 1
github.com/artrsyf/avito-trainee-assignment/internal/session/repository/redis/session_redis.go:60.2,64.26 2 1
github.com/artrsyf/avito-trainee-assignment/internal/session/repository/redis/session_redis.go:70.27,74.22 3 1
github.com/artrsyf/avito-trainee-assignment/internal/session/repository/redis/session_redis.go:74.22,79.3 2 1
github.com/artrsyf/avito-trainee-assignment/internal/session/repository/redis/session_redis.go:80.2,80.16 1 1
github.com/artrsyf/avito-trainee-assignment/internal/session/repository/redis/session_redis.go:80.16,83.3 2 1
github.com/artrsyf/avito-trainee-assignment/internal/session/repository/redis/session_redis.go:85.2,86.54 2 1
github.com/artrsyf/avito-trainee-assignment/internal/session/repository/redis/session_redis.go:86.54,89.3 2 1
github.com/artrsyf/avito-trainee-assignment/internal/session/repository/redis/session_redis.go:91.2,91.21 1 1
github.com/artrsyf/avito-trainee-assignment/internal/session/usecase/usecase.go:38.19,45.2 1 1
github.com/artrsyf/avito-trainee-assignment/internal/session/usecase/usecase.go:50.35,52.51 2 1
github.com/artrsyf/avito-trainee-assignment/internal/session/usecase/usecase.go:52.51,55.3 2 1
github.com/artrsyf/avito-trainee-assignment/internal/session/usecase/usecase.go:57.2,57.22 1 1
github.com/artrsyf/avito-trainee-assignment/internal/session/usecase/usecase.go:57.22,58.67 1 1
github.com/artrsyf/avito-trainee-assignment/internal/session/usecase/usecase.go:58.67,61.4 2 1
github.com/artrsyf/avito-trainee-assignment/internal/session/usecase/usecase.go:63.3,64.45 2 1
github.com/artrsyf/avito-trainee-assignment/internal/session/usecase/usecase.go:64.45,66.4 1 1
github.com/artrsyf/avito-trainee-assignment/internal/session/usecase/usecase.go:67.3,67.22 1 1
github.com/artrsyf/avito-trainee-assignment/internal/session/usecase/usecase.go:67.22,70.4 2 0
github.com/artrsyf/avito-trainee-assignment/internal/session/usecase/usecase.go:72.3,73.22 2 1
github.com/artrsyf/avito-trainee-assignment/internal/session/usecase/usecase.go:76.2,80.16 2 1
github.com/artrsyf/avito-trainee-assignment/internal/session/usecase/usecase.go:80.16,85.3 2 0
github.com/artrsyf/avito-trainee-assignment/internal/session/usecase/usecase.go:87.2,88.16 2 1
github.com/artrsyf/avito-trainee-assignment/internal/session/usecase/usecase.go:88.16,93.3 2 0
github.com/artrsyf/avito-trainee-assignment/internal/session/usecase/usecase.go:95.2,95.63 1 1
github.com/artrsyf/avito-trainee-assignment/internal/session/usecase/usecase.go:98.67,103.2 1 1
github.com/artrsyf/avito-trainee-assignment/internal/session/usecase/usecase.go:109.35,111.16 2 1
github.com/artrsyf/avito-trainee-assignment/internal/session/usecase/usecase.go:111.16,114.3 2 0
github.com/artrsyf/avito-trainee-assignment/internal/session/usecase/usecase.go:116.2,117.16 2 1
github.com/artrsyf/avito-trainee-assignment/internal/session/usecase/usecase.go:117.16,120.3 2 0
github.com/artrsyf/avito-trainee-assignment/internal/session/usecase/usecase.go:122.2,128.16 2 1
github.com/artrsyf/avito-trainee-assignment/internal/session/usecase/usecase.go:128.16,136.3 2 0
github.com/artrsyf/avito-trainee-assignment/internal/session/usecase/usecase.go:138.2,139.16 2 1
github.com/artrsyf/avito-trainee-assignment/internal/session/usecase/usecase.go:139.16,142.3 2 1
github.com/artrsyf/avito-trainee-assignment/internal/session/usecase/usecase.go:144.2,149.66 2 1
